<?xml version="1.0" encoding="UTF-8"?>
<!-- Generated by org.testng.reporters.JUnitReportReporter -->
<testsuite hostname="Mayur" failures="0" tests="5" name="testpackage.TestWevendStore" time="15.749" errors="0" timestamp="2023-11-01T08:56:58 IST" skipped="0">
  <testcase classname="testpackage.TestWevendStore" name="VerifyCheckoutPage" time="2.328"/>
  <system-out/>
  <testcase classname="testpackage.TestWevendStore" name="VerifyPaymentgatway" time="2.462"/>
  <system-out/>
  <testcase classname="testpackage.TestWevendStore" name="VerifySuccessPage" time="6.487"/>
  <system-out/>
  <testcase classname="testpackage.TestWevendStore" name="VerifyWevendLaunch" time="0.770"/>
  <system-out/>
  <testcase classname="testpackage.TestWevendStore" name="VerifyAddTocart" time="3.702"/>
  <system-out/>
</testsuite> <!-- testpackage.TestWevendStore -->
