<?xml version="1.0" encoding="UTF-8"?>
<!-- Generated by org.testng.reporters.JUnitReportReporter -->
<testsuite hostname="Mayur" failures="0" tests="5" name="testpackage.TestCarwash" time="26.125" errors="0" timestamp="2023-10-30T23:54:49 IST" skipped="0">
  <testcase classname="testpackage.TestCarwash" name="verifySuccessfulPaymentPage" time="0.095"/>
  <system-out/>
  <testcase classname="testpackage.TestCarwash" name="verifyPaymentGatewaypage" time="0.442"/>
  <system-out/>
  <testcase classname="testpackage.TestCarwash" name="verifyAmountSelection" time="1.995"/>
  <system-out/>
  <testcase classname="testpackage.TestCarwash" name="verifyCountdownTimerPage" time="22.823"/>
  <system-out/>
  <testcase classname="testpackage.TestCarwash" name="verifylaunchCarWash" time="0.770"/>
  <system-out/>
</testsuite> <!-- testpackage.TestCarwash -->
