<?xml version="1.0" encoding="UTF-8"?>
<!-- Generated by org.testng.reporters.JUnitReportReporter -->
<testsuite hostname="Mayur" failures="0" tests="5" name="testpackage.TestCarwash" time="27.853" errors="0" timestamp="2023-10-26T01:18:08 IST" skipped="0">
  <testcase classname="testpackage.TestCarwash" name="verifylaunchCarWash" time="1.169"/>
  <system-out/>
  <testcase classname="testpackage.TestCarwash" name="verifyAmountSelection" time="3.439"/>
  <system-out/>
  <testcase classname="testpackage.TestCarwash" name="verifyPaymentGatewaypage" time="0.568"/>
  <system-out/>
  <testcase classname="testpackage.TestCarwash" name="verifyCountdownTimerPage" time="9.740"/>
  <system-out/>
  <testcase classname="testpackage.TestCarwash" name="verifySuccessfulPaymentPage" time="12.937"/>
  <system-out/>
</testsuite> <!-- testpackage.TestCarwash -->
