<?xml version="1.0" encoding="UTF-8"?>
<!-- Generated by org.testng.reporters.JUnitReportReporter -->
<testsuite hostname="Mayur" failures="0" tests="5" name="testpackage.TestWevendStore" time="17.874" errors="0" timestamp="2023-10-30T23:54:49 IST" skipped="0">
  <testcase classname="testpackage.TestWevendStore" name="VerifyAddTocart" time="3.542"/>
  <system-out/>
  <testcase classname="testpackage.TestWevendStore" name="VerifyCheckoutPage" time="2.281"/>
  <system-out/>
  <testcase classname="testpackage.TestWevendStore" name="VerifyPaymentgatway" time="4.204"/>
  <system-out/>
  <testcase classname="testpackage.TestWevendStore" name="VerifySuccessPage" time="6.892"/>
  <system-out/>
  <testcase classname="testpackage.TestWevendStore" name="VerifyWevendLaunch" time="0.955"/>
  <system-out/>
</testsuite> <!-- testpackage.TestWevendStore -->
