<?xml version="1.0" encoding="UTF-8"?>
<!-- Generated by org.testng.reporters.JUnitReportReporter -->
<testsuite hostname="Mayur" failures="0" tests="5" name="com.Remosys.Wevend.TestLayer.TestWevendStore" time="23.950" errors="0" timestamp="2023-11-01T09:58:56 IST" skipped="0">
  <testcase classname="com.Remosys.Wevend.TestLayer.TestWevendStore" name="VerifyWevendLaunch" time="0.997"/>
  <system-out/>
  <testcase classname="com.Remosys.Wevend.TestLayer.TestWevendStore" name="VerifyAddTocart" time="3.577"/>
  <system-out/>
  <testcase classname="com.Remosys.Wevend.TestLayer.TestWevendStore" name="VerifySuccessPage" time="11.421"/>
  <system-out/>
  <testcase classname="com.Remosys.Wevend.TestLayer.TestWevendStore" name="VerifyPaymentgatway" time="5.775"/>
  <system-out/>
  <testcase classname="com.Remosys.Wevend.TestLayer.TestWevendStore" name="VerifyCheckoutPage" time="2.180"/>
  <system-out/>
</testsuite> <!-- com.Remosys.Wevend.TestLayer.TestWevendStore -->
