<?xml version="1.0" encoding="UTF-8"?>
<!-- Generated by org.testng.reporters.JUnitReportReporter -->
<testsuite hostname="Mayur" failures="0" tests="1" name="testpackage.AA" time="18.908" errors="0" timestamp="2023-10-27T19:25:36 IST" skipped="0">
  <testcase classname="testpackage.AA" name="m1" time="18.908"/>
  <system-out/>
</testsuite> <!-- testpackage.AA -->
