<?xml version="1.0" encoding="UTF-8"?>
<!-- Generated by org.testng.reporters.JUnitReportReporter -->
<testsuite hostname="Mayur" failures="0" tests="5" name="testpackage.TestCarwash" time="25.352" errors="0" timestamp="2023-11-01T08:56:58 IST" skipped="0">
  <testcase classname="testpackage.TestCarwash" name="verifySuccessfulPaymentPage" time="0.159"/>
  <system-out/>
  <testcase classname="testpackage.TestCarwash" name="verifyCountdownTimerPage" time="19.782"/>
  <system-out/>
  <testcase classname="testpackage.TestCarwash" name="verifyAmountSelection" time="2.628"/>
  <system-out/>
  <testcase classname="testpackage.TestCarwash" name="verifyPaymentGatewaypage" time="0.521"/>
  <system-out/>
  <testcase classname="testpackage.TestCarwash" name="verifylaunchCarWash" time="2.262"/>
  <system-out/>
</testsuite> <!-- testpackage.TestCarwash -->
