<?xml version="1.0" encoding="UTF-8"?>
<!-- Generated by org.testng.reporters.JUnitReportReporter -->
<testsuite hostname="Mayur" failures="0" tests="5" name="testpackage.TestCarwash" time="36.202" errors="0" timestamp="2023-10-26T15:43:48 IST" skipped="0">
  <testcase classname="testpackage.TestCarwash" name="verifylaunchCarWash" time="1.573"/>
  <system-out/>
  <testcase classname="testpackage.TestCarwash" name="verifyAmountSelection" time="6.725"/>
  <system-out/>
  <testcase classname="testpackage.TestCarwash" name="verifyPaymentGatewaypage" time="1.087"/>
  <system-out/>
  <testcase classname="testpackage.TestCarwash" name="verifyCountdownTimerPage" time="13.901"/>
  <system-out/>
  <testcase classname="testpackage.TestCarwash" name="verifySuccessfulPaymentPage" time="12.916"/>
  <system-out/>
</testsuite> <!-- testpackage.TestCarwash -->
