<?xml version="1.0" encoding="UTF-8"?>
<!-- Generated by org.testng.reporters.JUnitReportReporter -->
<testsuite hostname="Mayur" failures="0" tests="5" name="testpackage.TestWevendStore" time="50.735" errors="0" timestamp="2023-10-26T15:43:48 IST" skipped="0">
  <testcase classname="testpackage.TestWevendStore" name="VerifyWevendLaunch" time="1.353"/>
  <system-out/>
  <testcase classname="testpackage.TestWevendStore" name="VerifyAddTocart" time="5.177"/>
  <system-out/>
  <testcase classname="testpackage.TestWevendStore" name="VerifyCheckoutPage" time="3.119"/>
  <system-out/>
  <testcase classname="testpackage.TestWevendStore" name="VerifyPaymentgatway" time="32.273"/>
  <system-out/>
  <testcase classname="testpackage.TestWevendStore" name="VerifySuccessPage" time="8.813"/>
  <system-out/>
</testsuite> <!-- testpackage.TestWevendStore -->
