<?xml version="1.0" encoding="UTF-8"?>
<!-- Generated by org.testng.reporters.JUnitReportReporter -->
<testsuite hostname="Mayur" failures="0" tests="5" name="com.Remosys.Wevend.TestLayer.TestCarwash" time="27.627" errors="0" timestamp="2023-11-01T09:58:56 IST" skipped="0">
  <testcase classname="com.Remosys.Wevend.TestLayer.TestCarwash" name="verifyAmountSelection" time="2.015"/>
  <system-out/>
  <testcase classname="com.Remosys.Wevend.TestLayer.TestCarwash" name="verifySuccessfulPaymentPage" time="0.096"/>
  <system-out/>
  <testcase classname="com.Remosys.Wevend.TestLayer.TestCarwash" name="verifyPaymentGatewaypage" time="0.460"/>
  <system-out/>
  <testcase classname="com.Remosys.Wevend.TestLayer.TestCarwash" name="verifyCountdownTimerPage" time="24.223"/>
  <system-out/>
  <testcase classname="com.Remosys.Wevend.TestLayer.TestCarwash" name="verifylaunchCarWash" time="0.833"/>
  <system-out/>
</testsuite> <!-- com.Remosys.Wevend.TestLayer.TestCarwash -->
