<?xml version="1.0" encoding="UTF-8"?>
<!-- Generated by org.testng.reporters.JUnitReportReporter -->
<testsuite hostname="Mayur" failures="0" tests="3" name="testpacakage.Wevend" time="1.903" errors="0" timestamp="2023-10-17T18:35:29 IST" skipped="0">
  <testcase classname="testpacakage.Wevend" name="launchUrl1" time="1.885"/>
  <system-out/>
  <testcase classname="testpacakage.Wevend" name="verifyHompageUrl" time="0.017"/>
  <system-out/>
  <testcase classname="testpacakage.Wevend" name="logsGeneration1" time="0.001"/>
  <system-out/>
</testsuite> <!-- testpacakage.Wevend -->
