<?xml version="1.0" encoding="UTF-8"?>
<!-- Generated by org.testng.reporters.JUnitReportReporter -->
<testsuite hostname="Mayur" failures="0" tests="5" name="testpackage.TestWevendStore" time="26.537" errors="0" timestamp="2023-10-26T01:18:08 IST" skipped="0">
  <testcase classname="testpackage.TestWevendStore" name="VerifyWevendLaunch" time="1.078"/>
  <system-out/>
  <testcase classname="testpackage.TestWevendStore" name="VerifyAddTocart" time="3.751"/>
  <system-out/>
  <testcase classname="testpackage.TestWevendStore" name="VerifyCheckoutPage" time="3.057"/>
  <system-out/>
  <testcase classname="testpackage.TestWevendStore" name="VerifyPaymentgatway" time="7.369"/>
  <system-out/>
  <testcase classname="testpackage.TestWevendStore" name="VerifySuccessPage" time="11.282"/>
  <system-out/>
</testsuite> <!-- testpackage.TestWevendStore -->
