<?xml version="1.0" encoding="UTF-8"?>
<!-- Generated by org.testng.reporters.JUnitReportReporter -->
<testsuite hostname="Mayur" failures="0" tests="1" name="testpacakage.TestCarwash" time="19.723" errors="0" timestamp="2023-10-23T00:59:51 IST" skipped="0">
  <testcase classname="testpacakage.TestCarwash" name="PaymentTest" time="19.723"/>
  <system-out/>
</testsuite> <!-- testpacakage.TestCarwash -->
