<?xml version="1.0" encoding="UTF-8"?>
<!-- Generated by org.testng.reporters.JUnitReportReporter -->
<testsuite hostname="Mayur" failures="0" tests="5" name="com.Remosys.Wevend.TestLayer.TestWevendStore" time="21.055" errors="0" timestamp="2023-11-02T11:23:50 IST" skipped="0">
  <testcase classname="com.Remosys.Wevend.TestLayer.TestWevendStore" name="VerifyPaymentgatway" time="4.434"/>
  <system-out/>
  <testcase classname="com.Remosys.Wevend.TestLayer.TestWevendStore" name="VerifyWevendLaunch" time="1.950"/>
  <system-out/>
  <testcase classname="com.Remosys.Wevend.TestLayer.TestWevendStore" name="VerifyCheckoutPage" time="2.252"/>
  <system-out/>
  <testcase classname="com.Remosys.Wevend.TestLayer.TestWevendStore" name="VerifyAddTocart" time="3.531"/>
  <system-out/>
  <testcase classname="com.Remosys.Wevend.TestLayer.TestWevendStore" name="VerifySuccessPage" time="8.888"/>
  <system-out/>
</testsuite> <!-- com.Remosys.Wevend.TestLayer.TestWevendStore -->
