<?xml version="1.0" encoding="UTF-8"?>
<!-- Generated by org.testng.reporters.JUnitReportReporter -->
<testsuite hostname="Mayur" failures="0" tests="1" name="testpacakage.TestCarwash" time="38.432" errors="0" timestamp="2023-10-23T12:11:14 IST" skipped="0">
  <testcase classname="testpacakage.TestCarwash" name="PaymentTest" time="38.432"/>
  <system-out/>
</testsuite> <!-- testpacakage.TestCarwash -->
