<?xml version="1.0" encoding="UTF-8"?>
<!-- Generated by org.testng.reporters.JUnitReportReporter -->
<testsuite hostname="Mayur" failures="0" tests="1" name="testpacakage.TestCarwash" time="25.976" errors="0" timestamp="2023-10-23T11:30:34 IST" skipped="0">
  <testcase classname="testpacakage.TestCarwash" name="PaymentTest" time="25.976"/>
  <system-out/>
</testsuite> <!-- testpacakage.TestCarwash -->
